#
# There is insufficient memory for the Java Runtime Environment to continue.
# Native memory allocation (mmap) failed to map 134217728 bytes for G1 virtual space
# Possible reasons:
#   The system is out of physical RAM or swap space
#   The process is running with CompressedOops enabled, and the Java Heap may be blocking the growth of the native heap
# Possible solutions:
#   Reduce memory load on the system
#   Increase physical memory or swap space
#   Check if swap backing store is full
#   Decrease Java heap size (-Xmx/-Xms)
#   Decrease number of Java threads
#   Decrease Java thread stack sizes (-Xss)
#   Set larger code cache with -XX:ReservedCodeCacheSize=
#   JVM is running with Unscaled Compressed Oops mode in which the Java heap is
#     placed in the first 4GB address space. The Java Heap base address is the
#     maximum limit for the native heap growth. Please use -XX:HeapBaseMinAddress
#     to set the Java Heap base and to place the Java Heap above 4GB virtual address.
# This output file may be truncated or incomplete.
#
#  Out of Memory Error (./open/src/hotspot/os/windows/os_windows.cpp:3472), pid=1856, tid=8752
#
# JRE version:  (15.0.1+9) (build )
# Java VM: OpenJDK 64-Bit Server VM (15.0.1+9-18, mixed mode, sharing, tiered, compressed oops, g1 gc, windows-amd64)
# No core dump will be written. Minidumps are not enabled by default on client versions of Windows
#

---------------  S U M M A R Y ------------

Command Line: -Dfile.encoding=Cp1251 -XX:+ShowCodeDetailsInExceptionMessages sourceit.homework_2.AreaOfTriangle

Host: Intel(R) Core(TM) i5-8250U CPU @ 1.60GHz, 8 cores, 7G,  Windows 10 , 64 bit Build 18362 (10.0.18362.1110)
Time: Fri Dec 18 23:51:37 2020 Oeieyiaey (ceia) elapsed time: 0.026005 seconds (0d 0h 0m 0s)

---------------  T H R E A D  ---------------

Current thread (0x000001c3d94fb240):  JavaThread "Unknown thread" [_thread_in_vm, id=8752, stack(0x0000007ff8100000,0x0000007ff8200000)]

Stack: [0x0000007ff8100000,0x0000007ff8200000]
Native frames: (J=compiled Java code, j=interpreted, Vv=VM code, C=native code)
V  [jvm.dll+0x62ae9a]
V  [jvm.dll+0x781389]
V  [jvm.dll+0x782ae3]
V  [jvm.dll+0x783143]
V  [jvm.dll+0x216265]
V  [jvm.dll+0x6281d9]
V  [jvm.dll+0x61cd15]
V  [jvm.dll+0x2d01fd]
V  [jvm.dll+0x2d0062]
V  [jvm.dll+0x2d603c]
V  [jvm.dll+0x325b2a]
V  [jvm.dll+0x3251f4]
V  [jvm.dll+0x2a717a]
V  [jvm.dll+0x2a8318]
V  [jvm.dll+0x75e101]
V  [jvm.dll+0x3343e4]
V  [jvm.dll+0x73e826]
V  [jvm.dll+0x3b7777]
V  [jvm.dll+0x3b9201]
C  [jli.dll+0x52fb]
C  [ucrtbase.dll+0x210b2]
C  [KERNEL32.DLL+0x17c24]
C  [ntdll.dll+0x6d4d1]


---------------  P R O C E S S  ---------------

Threads class SMR info:
_java_thread_list=0x00007ffdaaad4ff0, length=0, elements={
}

Java Threads: ( => current thread )

Other Threads:
  0x000001c3d9535380 GCTaskThread "GC Thread#0" [stack: 0x0000007ff8200000,0x0000007ff8300000] [id=4416]
  0x000001c3d95468c0 ConcurrentGCThread "G1 Main Marker" [stack: 0x0000007ff8300000,0x0000007ff8400000] [id=9580]
  0x000001c3d95473c0 ConcurrentGCThread "G1 Conc#0" [stack: 0x0000007ff8400000,0x0000007ff8500000] [id=1196]

[error occurred during error reporting (printing all threads), id 0xc0000005, EXCEPTION_ACCESS_VIOLATION (0xc0000005) at pc=0x00007ffdaa2c8047]

VM state: not at safepoint (not fully initialized)

VM Mutex/Monitor currently owned by a thread:  ([mutex/lock_event])
[0x000001c3d94f45a0] Heap_lock - owner thread: 0x000001c3d94fb240

Heap address: 0x0000000081600000, size: 2026 MB, Compressed Oops mode: 32-bit
CDS archive(s) mapped at: [0x0000000000000000-0x0000000000000000-0x0000000000000000), size 0, SharedBaseAddress: 0x0000000800000000, ArchiveRelocationMode: 0.
Narrow klass base: 0x0000000000000000, Narrow klass shift: 0, Narrow klass range: 0x0

Heap:
 garbage-first heap   total 131072K, used 0K [0x0000000081600000, 0x0000000100000000)
  region size 1024K, 0 young (0K), 0 survivors (0K)
 Metaspace       used 0K, capacity 0K, committed 0K, reserved 0K
  class space    used 0K, capacity 0K, committed 0K, reserved 0K

Heap Regions: E=young(eden), S=young(survivor), O=old, HS=humongous(starts), HC=humongous(continues), CS=collection set, F=free, OA=open archive, CA=closed archive, TAMS=top-at-mark-start (previous, next)

Card table byte_map: [0x000001c3f2da0000,0x000001c3f31a0000] _byte_map_base: 0x000001c3f2995000

Marking Bits (Prev, Next): (CMBitMap*) 0x000001c3d9535a80, (CMBitMap*) 0x000001c3d9535ac0
 Prev Bits: [0x000001c3f35a0000, 0x000001c3f5548000)
 Next Bits: [0x000001c3f5550000, 0x000001c3f74f8000)

GC Heap History (0 events):
No events

Deoptimization events (0 events):
No events

Classes unloaded (0 events):
No events

Classes redefined (0 events):
No events

Internal exceptions (0 events):
No events

Events (1 events):
Event: 0.013 Loaded shared library C:\Users\Artem\java\jdk-15.0.1\bin\java.dll


Dynamic libraries:
0x00007ff737780000 - 0x00007ff73778d000 	C:\Users\Artem\java\jdk-15.0.1\bin\javaw.exe
0x00007ffe1e460000 - 0x00007ffe1e650000 	C:\Windows\SYSTEM32\ntdll.dll
0x00007ffe1dc80000 - 0x00007ffe1dd32000 	C:\Windows\System32\KERNEL32.DLL
0x00007ffe1b5f0000 - 0x00007ffe1b895000 	C:\Windows\System32\KERNELBASE.dll
0x00007ffe1ba40000 - 0x00007ffe1bb3a000 	C:\Windows\System32\ucrtbase.dll
0x00007ffe17620000 - 0x00007ffe17638000 	C:\Users\Artem\java\jdk-15.0.1\bin\jli.dll
0x00007ffe1cb00000 - 0x00007ffe1cc94000 	C:\Windows\System32\USER32.dll
0x00007ffe1bcf0000 - 0x00007ffe1bd11000 	C:\Windows\System32\win32u.dll
0x00007ffe17640000 - 0x00007ffe17659000 	C:\Users\Artem\java\jdk-15.0.1\bin\VCRUNTIME140.dll
0x00007ffe1c5b0000 - 0x00007ffe1c5d6000 	C:\Windows\System32\GDI32.dll
0x00007ffe1b8a0000 - 0x00007ffe1ba36000 	C:\Windows\System32\gdi32full.dll
0x00007ffe1b550000 - 0x00007ffe1b5ee000 	C:\Windows\System32\msvcp_win.dll
0x00007ffdf0aa0000 - 0x00007ffdf0d24000 	C:\Windows\WinSxS\amd64_microsoft.windows.common-controls_6595b64144ccf1df_6.0.18362.1256_none_9e7e379be45e40e2\COMCTL32.dll
0x00007ffe1c510000 - 0x00007ffe1c5ae000 	C:\Windows\System32\msvcrt.dll
0x00007ffe1deb0000 - 0x00007ffe1e1e6000 	C:\Windows\System32\combase.dll
0x00007ffe1d9b0000 - 0x00007ffe1dad0000 	C:\Windows\System32\RPCRT4.dll
0x00007ffe1bbb0000 - 0x00007ffe1bc31000 	C:\Windows\System32\bcryptPrimitives.dll
0x00007ffe1e320000 - 0x00007ffe1e34e000 	C:\Windows\System32\IMM32.DLL
0x00007ffe175d0000 - 0x00007ffe175dc000 	C:\Users\Artem\java\jdk-15.0.1\bin\vcruntime140_1.dll
0x00007ffdfa970000 - 0x00007ffdfaa01000 	C:\Users\Artem\java\jdk-15.0.1\bin\msvcp140.dll
0x00007ffdaa010000 - 0x00007ffdaab6e000 	C:\Users\Artem\java\jdk-15.0.1\bin\server\jvm.dll
0x00007ffe1cd00000 - 0x00007ffe1cda3000 	C:\Windows\System32\ADVAPI32.dll
0x00007ffe1cfd0000 - 0x00007ffe1d067000 	C:\Windows\System32\sechost.dll
0x00007ffe1cdb0000 - 0x00007ffe1cdb8000 	C:\Windows\System32\PSAPI.DLL
0x00007ffdf6460000 - 0x00007ffdf6469000 	C:\Windows\SYSTEM32\WSOCK32.dll
0x00007ffe1d770000 - 0x00007ffe1d7df000 	C:\Windows\System32\WS2_32.dll
0x00007ffe17540000 - 0x00007ffe17564000 	C:\Windows\SYSTEM32\WINMM.dll
0x00007ffe13f10000 - 0x00007ffe13f1a000 	C:\Windows\SYSTEM32\VERSION.dll
0x00007ffe17440000 - 0x00007ffe1746d000 	C:\Windows\SYSTEM32\WINMMBASE.dll
0x00007ffe1bb40000 - 0x00007ffe1bb8a000 	C:\Windows\System32\cfgmgr32.dll
0x00007ffe1b310000 - 0x00007ffe1b321000 	C:\Windows\System32\kernel.appcore.dll
0x00007ffdfaa10000 - 0x00007ffdfaa1a000 	C:\Users\Artem\java\jdk-15.0.1\bin\jimage.dll
0x00007ffe040f0000 - 0x00007ffe042e4000 	C:\Windows\SYSTEM32\DBGHELP.DLL
0x00007ffe040c0000 - 0x00007ffe040ea000 	C:\Windows\SYSTEM32\dbgcore.DLL
0x00007ffdfa3e0000 - 0x00007ffdfa405000 	C:\Users\Artem\java\jdk-15.0.1\bin\java.dll

dbghelp: loaded successfully - version: 4.0.5 - missing functions: none
symbol engine: initialized successfully - sym options: 0x614 - pdb path: .;C:\Users\Artem\java\jdk-15.0.1\bin;C:\Windows\SYSTEM32;C:\Windows\WinSxS\amd64_microsoft.windows.common-controls_6595b64144ccf1df_6.0.18362.1256_none_9e7e379be45e40e2;C:\Users\Artem\java\jdk-15.0.1\bin\server

VM Arguments:
jvm_args: -Dfile.encoding=Cp1251 -XX:+ShowCodeDetailsInExceptionMessages 
java_command: sourceit.homework_2.AreaOfTriangle
java_class_path (initial): C:\Users\Artem\eclipse-workspace\LearnIT\bin
Launcher Type: SUN_STANDARD

[Global flags]
     intx CICompilerCount                          = 4                                         {product} {ergonomic}
     uint ConcGCThreads                            = 2                                         {product} {ergonomic}
     uint G1ConcRefinementThreads                  = 8                                         {product} {ergonomic}
   size_t G1HeapRegionSize                         = 1048576                                   {product} {ergonomic}
    uintx GCDrainStackTargetSize                   = 64                                        {product} {ergonomic}
   size_t InitialHeapSize                          = 134217728                                 {product} {ergonomic}
   size_t MarkStackSize                            = 4194304                                   {product} {ergonomic}
   size_t MaxHeapSize                              = 2124414976                                {product} {ergonomic}
   size_t MinHeapDeltaBytes                        = 1048576                                   {product} {ergonomic}
   size_t MinHeapSize                              = 8388608                                   {product} {ergonomic}
    uintx NonNMethodCodeHeapSize                   = 5839372                                {pd product} {ergonomic}
    uintx NonProfiledCodeHeapSize                  = 122909434                              {pd product} {ergonomic}
    uintx ProfiledCodeHeapSize                     = 122909434                              {pd product} {ergonomic}
    uintx ReservedCodeCacheSize                    = 251658240                              {pd product} {ergonomic}
     bool SegmentedCodeCache                       = true                                      {product} {ergonomic}
     bool ShowCodeDetailsInExceptionMessages       = true                                   {manageable} {command line}
   size_t SoftMaxHeapSize                          = 2124414976                             {manageable} {ergonomic}
     bool UseCompressedClassPointers               = true                                 {lp64_product} {ergonomic}
     bool UseCompressedOops                        = true                                 {lp64_product} {ergonomic}
     bool UseG1GC                                  = true                                      {product} {ergonomic}
     bool UseLargePagesIndividualAllocation        = false                                  {pd product} {ergonomic}

Logging:
Log output configuration:
 #0: stdout all=warning uptime,level,tags
 #1: stderr all=off uptime,level,tags

Environment Variables:
JAVA_HOME=C:\Program Files\Java\jdk-12.0.2
PATH=C:/Users/Artem/java/jdk-15.0.1/bin/server;C:/Users/Artem/java/jdk-15.0.1/bin;C:\Program Files (x86)\NVIDIA Corporation\PhysX\Common;C:\Windows\system32\C:\Program Files\Java\jdk-12.0.2\bin\;C:\Windows;C:\Windows\System32\Wbem;C:\Windows\System32\WindowsPowerShell\v1.0\;C:\Windows\System32\OpenSSH\;C:\Program Files\Git\cmd;C:\Program Files\MySQL\MySQL Server 5.5\bin;c:\Program Files (x86)\Microsoft SQL Server\110\Tools\Binn\;c:\Program Files\Microsoft SQL Server\110\Tools\Binn\;c:\Program Files\Microsoft SQL Server\110\DTS\Binn\;C:\Users\Artem\java\jdk-15.0.1\bin;C:\Users\Artem\AppData\Local\Microsoft\WindowsApps\C:\Program Files\Java\jdk-12.0.2\bin\;;C:\Users\Artem\AppData\Local\Programs\Microsoft VS Code\bin;C:\Program Files\JetBrains\IntelliJ IDEA 2019.2.4\bin;;C:\Program Files\JetBrains\IntelliJ IDEA Community Edition 2020.1.1\bin;;C:\Users\Artem\Eclipse\eclipse;
USERNAME=Artem
OS=Windows_NT
PROCESSOR_IDENTIFIER=Intel64 Family 6 Model 142 Stepping 10, GenuineIntel



---------------  S Y S T E M  ---------------

OS:
 Windows 10 , 64 bit Build 18362 (10.0.18362.1110)
OS uptime: 0 days 12:06 hours

CPU: total 8 (initial active 8) (4 cores per cpu, 2 threads per core) family 6 model 142 stepping 10 microcode 0x96, cmov, cx8, fxsr, mmx, sse, sse2, sse3, ssse3, sse4.1, sse4.2, popcnt, vzeroupper, avx, avx2, aes, clmul, erms, 3dnowpref, lzcnt, ht, tsc, tscinvbit, bmi1, bmi2, adx, fma, clflush, clflushopt

Memory: 4k page, system-wide physical 8101M (1149M free)
TotalPageFile size 10009M (AvailPageFile size 116M)
current process WorkingSet (physical memory assigned to process): 10M, peak: 10M
current process commit charge ("private bytes"): 60M, peak: 188M

vm_info: OpenJDK 64-Bit Server VM (15.0.1+9-18) for windows-amd64 JRE (15.0.1+9-18), built on Sep 15 2020 14:39:31 by "mach5one" with unknown MS VC++:1925

END.
